=== REPL SESSION START ===
Timestamp: Wed 28 Jan 2026 13:45:22 AEST
Project: /Users/tonyday567/repos/repl
Session name: explore-process
Log: /Users/tonyday567/mg/yin/logs/session-20260128-134522-explore-process.log

repl-startup: spawning cabal repl
  project: /Users/tonyday567/repos/repl
  stdin:  /tmp/ghci-in.txt
  stdout: /tmp/ghci-out.txt
  stderr: /tmp/ghci-err.txt
  PID: 18679
REPL PID: 18675
Session file: /Users/tonyday567/mg/yin/logs/session-20260128-134522-explore-process.log
Query: :i System.Process.createProcess
Response: System.Process.createProcess ::
  process-1.6.26.1:System.Process.Common.CreateProcess
  -> IO
       (Maybe ghc-internal-9.1401.0:GHC.Internal.IO.Handle.Types.Handle,
        Maybe ghc-internal-9.1401.0:GHC.Internal.IO.Handle.Types.Handle,

=== REPL SESSION STOP ===
Timestamp: Wed 28 Jan 2026 13:47:53 AEST

